  [1m[35m (0.2ms)[0m  [1m[35mCREATE TABLE "schema_migrations" ("version" varchar NOT NULL PRIMARY KEY) /*application='Store'*/[0m
  [1m[35m (0.1ms)[0m  [1m[35mCREATE TABLE "ar_internal_metadata" ("key" varchar NOT NULL PRIMARY KEY, "value" varchar, "created_at" datetime(6) NOT NULL, "updated_at" datetime(6) NOT NULL) /*application='Store'*/[0m
  [1m[36mActiveRecord::SchemaMigration Load (0.1ms)[0m  [1m[34mSELECT "schema_migrations"."version" FROM "schema_migrations" ORDER BY "schema_migrations"."version" ASC /*application='Store'*/[0m
  [1m[36mActiveRecord::SchemaMigration Load (0.3ms)[0m  [1m[34mSELECT "schema_migrations"."version" FROM "schema_migrations" ORDER BY "schema_migrations"."version" ASC /*application='Store'*/[0m
Started GET "/" for 127.0.0.1 at 2025-05-18 11:27:50 -0700
  [1m[36mActiveRecord::SchemaMigration Load (0.1ms)[0m  [1m[34mSELECT "schema_migrations"."version" FROM "schema_migrations" ORDER BY "schema_migrations"."version" ASC /*application='Store'*/[0m
Processing by Rails::WelcomeController#index as HTML
  Rendering /Users/maxq/.rbenv/versions/3.2.8/lib/ruby/gems/3.2.0/gems/railties-8.0.2/lib/rails/templates/rails/welcome/index.html.erb
  Rendered /Users/maxq/.rbenv/versions/3.2.8/lib/ruby/gems/3.2.0/gems/railties-8.0.2/lib/rails/templates/rails/welcome/index.html.erb (Duration: 0.5ms | GC: 0.0ms)
Completed 200 OK in 90ms (Views: 7.2ms | ActiveRecord: 0.0ms (0 queries, 0 cached) | GC: 0.0ms)


Started GET "/" for 127.0.0.1 at 2025-05-18 11:34:39 -0700
  [1m[36mActiveRecord::SchemaMigration Load (0.0ms)[0m  [1m[34mSELECT "schema_migrations"."version" FROM "schema_migrations" ORDER BY "schema_migrations"."version" ASC /*application='Store'*/[0m
Processing by Rails::WelcomeController#index as HTML
  Rendering /Users/maxq/.rbenv/versions/3.2.8/lib/ruby/gems/3.2.0/gems/railties-8.0.2/lib/rails/templates/rails/welcome/index.html.erb
  Rendered /Users/maxq/.rbenv/versions/3.2.8/lib/ruby/gems/3.2.0/gems/railties-8.0.2/lib/rails/templates/rails/welcome/index.html.erb (Duration: 0.3ms | GC: 0.0ms)
Completed 200 OK in 38ms (Views: 1.7ms | ActiveRecord: 0.0ms (0 queries, 0 cached) | GC: 0.0ms)


  [1m[36mCACHE ActiveRecord::SchemaMigration Load (0.1ms)[0m  [1m[34mSELECT "schema_migrations"."version" FROM "schema_migrations" ORDER BY "schema_migrations"."version" ASC[0m
  [1m[36mActiveRecord::InternalMetadata Load (0.4ms)[0m  [1m[34mSELECT * FROM "ar_internal_metadata" WHERE "ar_internal_metadata"."key" = 'environment' ORDER BY "ar_internal_metadata"."key" ASC LIMIT 1 /*application='Store'*/[0m
  [1m[36mActiveRecord::InternalMetadata Create (0.9ms)[0m  [1m[32mINSERT INTO "ar_internal_metadata" ("key", "value", "created_at", "updated_at") VALUES ('environment', 'development', '2025-05-18 18:43:47.345491', '2025-05-18 18:43:47.345493') RETURNING "key" /*application='Store'*/[0m
  [1m[36mActiveRecord::SchemaMigration Load (0.0ms)[0m  [1m[34mSELECT "schema_migrations"."version" FROM "schema_migrations" ORDER BY "schema_migrations"."version" ASC /*application='Store'*/[0m
Migrating to CreateProducts (20250518184227)
  [1m[36mTRANSACTION (0.0ms)[0m  [1m[35mBEGIN immediate TRANSACTION /*application='Store'*/[0m
  [1m[35m (0.6ms)[0m  [1m[35mCREATE TABLE "products" ("id" integer PRIMARY KEY AUTOINCREMENT NOT NULL, "name" varchar, "created_at" datetime(6) NOT NULL, "updated_at" datetime(6) NOT NULL) /*application='Store'*/[0m
  [1m[36mActiveRecord::SchemaMigration Create (0.0ms)[0m  [1m[32mINSERT INTO "schema_migrations" ("version") VALUES ('20250518184227') RETURNING "version" /*application='Store'*/[0m
  [1m[36mTRANSACTION (0.0ms)[0m  [1m[35mCOMMIT TRANSACTION /*application='Store'*/[0m
  [1m[36mActiveRecord::SchemaMigration Load (0.0ms)[0m  [1m[34mSELECT "schema_migrations"."version" FROM "schema_migrations" ORDER BY "schema_migrations"."version" ASC /*application='Store'*/[0m
  [1m[36mTRANSACTION (0.2ms)[0m  [1m[35mBEGIN immediate TRANSACTION /*application='Store'*/[0m
  [1m[36mProduct Create (3.0ms)[0m  [1m[32mINSERT INTO "products" ("name", "created_at", "updated_at") VALUES ('T-shirt', '2025-05-18 18:45:08.084957', '2025-05-18 18:45:08.084957') RETURNING "id" /*application='Store'*/[0m
  [1m[36mTRANSACTION (0.7ms)[0m  [1m[35mCOMMIT TRANSACTION /*application='Store'*/[0m
  [1m[36mTRANSACTION (0.2ms)[0m  [1m[35mBEGIN immediate TRANSACTION /*application='Store'*/[0m
  [1m[36mProduct Create (0.9ms)[0m  [1m[32mINSERT INTO "products" ("name", "created_at", "updated_at") VALUES ('Pants', '2025-05-18 18:45:35.711711', '2025-05-18 18:45:35.711711') RETURNING "id" /*application='Store'*/[0m
  [1m[36mTRANSACTION (1.2ms)[0m  [1m[35mCOMMIT TRANSACTION /*application='Store'*/[0m
  [1m[36mProduct Load (0.1ms)[0m  [1m[34mSELECT "products".* FROM "products" /* loading for pp */ LIMIT 11 /*application='Store'*/[0m
  [1m[36mProduct Load (0.4ms)[0m  [1m[34mSELECT "products".* FROM "products" WHERE "products"."name" = 'Pants' /* loading for pp */ LIMIT 11 /*application='Store'*/[0m
  [1m[36mProduct Load (1.3ms)[0m  [1m[34mSELECT "products".* FROM "products" /* loading for pp */ ORDER BY "products"."name" ASC LIMIT 11 /*application='Store'*/[0m
  [1m[36mProduct Load (0.2ms)[0m  [1m[34mSELECT "products".* FROM "products" WHERE "products"."id" = 1 LIMIT 1 /*application='Store'*/[0m
  [1m[36mProduct Load (0.4ms)[0m  [1m[34mSELECT "products".* FROM "products" WHERE "products"."id" = 2 LIMIT 1 /*application='Store'*/[0m
  [1m[36mProduct Load (0.3ms)[0m  [1m[34mSELECT "products".* FROM "products" WHERE "products"."id" = 1 LIMIT 1 /*application='Store'*/[0m
  [1m[36mTRANSACTION (0.1ms)[0m  [1m[35mBEGIN immediate TRANSACTION /*application='Store'*/[0m
  [1m[36mProduct Update (0.8ms)[0m  [1m[33mUPDATE "products" SET "name" = 'Shoes', "updated_at" = '2025-05-18 18:47:01.815845' WHERE "products"."id" = 1 /*application='Store'*/[0m
  [1m[36mTRANSACTION (1.4ms)[0m  [1m[35mCOMMIT TRANSACTION /*application='Store'*/[0m
  [1m[36mProduct Load (0.4ms)[0m  [1m[34mSELECT "products".* FROM "products" /* loading for pp */ LIMIT 11 /*application='Store'*/[0m
Started GET "/" for 127.0.0.1 at 2025-05-18 11:49:34 -0700
  [1m[36mActiveRecord::SchemaMigration Load (0.0ms)[0m  [1m[34mSELECT "schema_migrations"."version" FROM "schema_migrations" ORDER BY "schema_migrations"."version" ASC /*application='Store'*/[0m
Processing by Rails::WelcomeController#index as HTML
  Rendering /Users/maxq/.rbenv/versions/3.2.8/lib/ruby/gems/3.2.0/gems/railties-8.0.2/lib/rails/templates/rails/welcome/index.html.erb
  Rendered /Users/maxq/.rbenv/versions/3.2.8/lib/ruby/gems/3.2.0/gems/railties-8.0.2/lib/rails/templates/rails/welcome/index.html.erb (Duration: 0.3ms | GC: 0.0ms)
Completed 200 OK in 40ms (Views: 2.1ms | ActiveRecord: 0.0ms (0 queries, 0 cached) | GC: 0.0ms)


Started GET "/product" for 127.0.0.1 at 2025-05-18 11:49:37 -0700
  
ActionController::RoutingError (No route matches [GET] "/product"):
  
Started GET "/favicon.ico" for 127.0.0.1 at 2025-05-18 11:49:37 -0700
  
ActionController::RoutingError (No route matches [GET] "/favicon.ico"):
  
Started GET "/products" for 127.0.0.1 at 2025-05-18 11:49:40 -0700
  
ActionController::RoutingError (uninitialized constant ProductsController)
Caused by: ActionDispatch::MissingController (uninitialized constant ProductsController)
Caused by: NameError (uninitialized constant ProductsController)

Information for: ActionController::RoutingError (uninitialized constant ProductsController):
  

Information for cause: ActionDispatch::MissingController (uninitialized constant ProductsController):
  
actionpack (8.0.2) lib/action_dispatch/http/request.rb:102:in `rescue in controller_class_for'
actionpack (8.0.2) lib/action_dispatch/http/request.rb:98:in `controller_class_for'
actionpack (8.0.2) lib/action_dispatch/http/request.rb:91:in `controller_class'
actionpack (8.0.2) lib/action_dispatch/routing/route_set.rb:61:in `controller'
actionpack (8.0.2) lib/action_dispatch/routing/route_set.rb:48:in `serve'
actionpack (8.0.2) lib/action_dispatch/journey/router.rb:53:in `block in serve'
actionpack (8.0.2) lib/action_dispatch/journey/router.rb:133:in `block in find_routes'
actionpack (8.0.2) lib/action_dispatch/journey/router.rb:126:in `each'
actionpack (8.0.2) lib/action_dispatch/journey/router.rb:126:in `find_routes'
actionpack (8.0.2) lib/action_dispatch/journey/router.rb:34:in `serve'
actionpack (8.0.2) lib/action_dispatch/routing/route_set.rb:908:in `call'
railties (8.0.2) lib/rails/engine/lazy_route_set.rb:68:in `call'
rack (3.1.14) lib/rack/tempfile_reaper.rb:20:in `call'
rack (3.1.14) lib/rack/etag.rb:29:in `call'
rack (3.1.14) lib/rack/conditional_get.rb:31:in `call'
rack (3.1.14) lib/rack/head.rb:15:in `call'
actionpack (8.0.2) lib/action_dispatch/http/permissions_policy.rb:38:in `call'
actionpack (8.0.2) lib/action_dispatch/http/content_security_policy.rb:38:in `call'
rack-session (2.1.1) lib/rack/session/abstract/id.rb:274:in `context'
rack-session (2.1.1) lib/rack/session/abstract/id.rb:268:in `call'
actionpack (8.0.2) lib/action_dispatch/middleware/cookies.rb:706:in `call'
activerecord (8.0.2) lib/active_record/migration.rb:671:in `call'
actionpack (8.0.2) lib/action_dispatch/middleware/callbacks.rb:31:in `block in call'
activesupport (8.0.2) lib/active_support/callbacks.rb:100:in `run_callbacks'
actionpack (8.0.2) lib/action_dispatch/middleware/callbacks.rb:30:in `call'
actionpack (8.0.2) lib/action_dispatch/middleware/executor.rb:16:in `call'
actionpack (8.0.2) lib/action_dispatch/middleware/actionable_exceptions.rb:18:in `call'
actionpack (8.0.2) lib/action_dispatch/middleware/debug_exceptions.rb:31:in `call'
web-console (4.2.1) lib/web_console/middleware.rb:132:in `call_app'
web-console (4.2.1) lib/web_console/middleware.rb:28:in `block in call'
web-console (4.2.1) lib/web_console/middleware.rb:17:in `catch'
web-console (4.2.1) lib/web_console/middleware.rb:17:in `call'
actionpack (8.0.2) lib/action_dispatch/middleware/show_exceptions.rb:32:in `call'
railties (8.0.2) lib/rails/rack/logger.rb:41:in `call_app'
railties (8.0.2) lib/rails/rack/logger.rb:29:in `call'
actionpack (8.0.2) lib/action_dispatch/middleware/remote_ip.rb:96:in `call'
actionpack (8.0.2) lib/action_dispatch/middleware/request_id.rb:34:in `call'
rack (3.1.14) lib/rack/method_override.rb:28:in `call'
rack (3.1.14) lib/rack/runtime.rb:24:in `call'
actionpack (8.0.2) lib/action_dispatch/middleware/server_timing.rb:61:in `block in call'
actionpack (8.0.2) lib/action_dispatch/middleware/server_timing.rb:26:in `collect_events'
actionpack (8.0.2) lib/action_dispatch/middleware/server_timing.rb:60:in `call'
actionpack (8.0.2) lib/action_dispatch/middleware/executor.rb:16:in `call'
actionpack (8.0.2) lib/action_dispatch/middleware/static.rb:27:in `call'
rack (3.1.14) lib/rack/sendfile.rb:114:in `call'
actionpack (8.0.2) lib/action_dispatch/middleware/host_authorization.rb:143:in `call'
railties (8.0.2) lib/rails/engine.rb:535:in `call'
puma (6.6.0) lib/puma/configuration.rb:279:in `call'
puma (6.6.0) lib/puma/request.rb:99:in `block in handle_request'
puma (6.6.0) lib/puma/thread_pool.rb:390:in `with_force_shutdown'
puma (6.6.0) lib/puma/request.rb:98:in `handle_request'
puma (6.6.0) lib/puma/server.rb:472:in `process_client'
puma (6.6.0) lib/puma/server.rb:254:in `block in run'
puma (6.6.0) lib/puma/thread_pool.rb:167:in `block in spawn_thread'

Information for cause: NameError (uninitialized constant ProductsController):
  
activesupport (8.0.2) lib/active_support/inflector/methods.rb:290:in `constantize'
activesupport (8.0.2) lib/active_support/core_ext/string/inflections.rb:74:in `constantize'
actionpack (8.0.2) lib/action_dispatch/http/request.rb:99:in `controller_class_for'
actionpack (8.0.2) lib/action_dispatch/http/request.rb:91:in `controller_class'
actionpack (8.0.2) lib/action_dispatch/routing/route_set.rb:61:in `controller'
actionpack (8.0.2) lib/action_dispatch/routing/route_set.rb:48:in `serve'
actionpack (8.0.2) lib/action_dispatch/journey/router.rb:53:in `block in serve'
actionpack (8.0.2) lib/action_dispatch/journey/router.rb:133:in `block in find_routes'
actionpack (8.0.2) lib/action_dispatch/journey/router.rb:126:in `each'
actionpack (8.0.2) lib/action_dispatch/journey/router.rb:126:in `find_routes'
actionpack (8.0.2) lib/action_dispatch/journey/router.rb:34:in `serve'
actionpack (8.0.2) lib/action_dispatch/routing/route_set.rb:908:in `call'
railties (8.0.2) lib/rails/engine/lazy_route_set.rb:68:in `call'
rack (3.1.14) lib/rack/tempfile_reaper.rb:20:in `call'
rack (3.1.14) lib/rack/etag.rb:29:in `call'
rack (3.1.14) lib/rack/conditional_get.rb:31:in `call'
rack (3.1.14) lib/rack/head.rb:15:in `call'
actionpack (8.0.2) lib/action_dispatch/http/permissions_policy.rb:38:in `call'
actionpack (8.0.2) lib/action_dispatch/http/content_security_policy.rb:38:in `call'
rack-session (2.1.1) lib/rack/session/abstract/id.rb:274:in `context'
rack-session (2.1.1) lib/rack/session/abstract/id.rb:268:in `call'
actionpack (8.0.2) lib/action_dispatch/middleware/cookies.rb:706:in `call'
activerecord (8.0.2) lib/active_record/migration.rb:671:in `call'
actionpack (8.0.2) lib/action_dispatch/middleware/callbacks.rb:31:in `block in call'
activesupport (8.0.2) lib/active_support/callbacks.rb:100:in `run_callbacks'
actionpack (8.0.2) lib/action_dispatch/middleware/callbacks.rb:30:in `call'
actionpack (8.0.2) lib/action_dispatch/middleware/executor.rb:16:in `call'
actionpack (8.0.2) lib/action_dispatch/middleware/actionable_exceptions.rb:18:in `call'
actionpack (8.0.2) lib/action_dispatch/middleware/debug_exceptions.rb:31:in `call'
web-console (4.2.1) lib/web_console/middleware.rb:132:in `call_app'
web-console (4.2.1) lib/web_console/middleware.rb:28:in `block in call'
web-console (4.2.1) lib/web_console/middleware.rb:17:in `catch'
web-console (4.2.1) lib/web_console/middleware.rb:17:in `call'
actionpack (8.0.2) lib/action_dispatch/middleware/show_exceptions.rb:32:in `call'
railties (8.0.2) lib/rails/rack/logger.rb:41:in `call_app'
railties (8.0.2) lib/rails/rack/logger.rb:29:in `call'
actionpack (8.0.2) lib/action_dispatch/middleware/remote_ip.rb:96:in `call'
actionpack (8.0.2) lib/action_dispatch/middleware/request_id.rb:34:in `call'
rack (3.1.14) lib/rack/method_override.rb:28:in `call'
rack (3.1.14) lib/rack/runtime.rb:24:in `call'
actionpack (8.0.2) lib/action_dispatch/middleware/server_timing.rb:61:in `block in call'
actionpack (8.0.2) lib/action_dispatch/middleware/server_timing.rb:26:in `collect_events'
actionpack (8.0.2) lib/action_dispatch/middleware/server_timing.rb:60:in `call'
actionpack (8.0.2) lib/action_dispatch/middleware/executor.rb:16:in `call'
actionpack (8.0.2) lib/action_dispatch/middleware/static.rb:27:in `call'
rack (3.1.14) lib/rack/sendfile.rb:114:in `call'
actionpack (8.0.2) lib/action_dispatch/middleware/host_authorization.rb:143:in `call'
railties (8.0.2) lib/rails/engine.rb:535:in `call'
puma (6.6.0) lib/puma/configuration.rb:279:in `call'
puma (6.6.0) lib/puma/request.rb:99:in `block in handle_request'
puma (6.6.0) lib/puma/thread_pool.rb:390:in `with_force_shutdown'
puma (6.6.0) lib/puma/request.rb:98:in `handle_request'
puma (6.6.0) lib/puma/server.rb:472:in `process_client'
puma (6.6.0) lib/puma/server.rb:254:in `block in run'
puma (6.6.0) lib/puma/thread_pool.rb:167:in `block in spawn_thread'
Started GET "/products" for 127.0.0.1 at 2025-05-18 11:49:45 -0700
  
ActionController::RoutingError (uninitialized constant ProductsController)
Caused by: ActionDispatch::MissingController (uninitialized constant ProductsController)
Caused by: NameError (uninitialized constant ProductsController)

Information for: ActionController::RoutingError (uninitialized constant ProductsController):
  

Information for cause: ActionDispatch::MissingController (uninitialized constant ProductsController):
  
actionpack (8.0.2) lib/action_dispatch/http/request.rb:102:in `rescue in controller_class_for'
actionpack (8.0.2) lib/action_dispatch/http/request.rb:98:in `controller_class_for'
actionpack (8.0.2) lib/action_dispatch/http/request.rb:91:in `controller_class'
actionpack (8.0.2) lib/action_dispatch/routing/route_set.rb:61:in `controller'
actionpack (8.0.2) lib/action_dispatch/routing/route_set.rb:48:in `serve'
actionpack (8.0.2) lib/action_dispatch/journey/router.rb:53:in `block in serve'
actionpack (8.0.2) lib/action_dispatch/journey/router.rb:133:in `block in find_routes'
actionpack (8.0.2) lib/action_dispatch/journey/router.rb:126:in `each'
actionpack (8.0.2) lib/action_dispatch/journey/router.rb:126:in `find_routes'
actionpack (8.0.2) lib/action_dispatch/journey/router.rb:34:in `serve'
actionpack (8.0.2) lib/action_dispatch/routing/route_set.rb:908:in `call'
railties (8.0.2) lib/rails/engine/lazy_route_set.rb:68:in `call'
rack (3.1.14) lib/rack/tempfile_reaper.rb:20:in `call'
rack (3.1.14) lib/rack/etag.rb:29:in `call'
rack (3.1.14) lib/rack/conditional_get.rb:31:in `call'
rack (3.1.14) lib/rack/head.rb:15:in `call'
actionpack (8.0.2) lib/action_dispatch/http/permissions_policy.rb:38:in `call'
actionpack (8.0.2) lib/action_dispatch/http/content_security_policy.rb:38:in `call'
rack-session (2.1.1) lib/rack/session/abstract/id.rb:274:in `context'
rack-session (2.1.1) lib/rack/session/abstract/id.rb:268:in `call'
actionpack (8.0.2) lib/action_dispatch/middleware/cookies.rb:706:in `call'
activerecord (8.0.2) lib/active_record/migration.rb:671:in `call'
actionpack (8.0.2) lib/action_dispatch/middleware/callbacks.rb:31:in `block in call'
activesupport (8.0.2) lib/active_support/callbacks.rb:100:in `run_callbacks'
actionpack (8.0.2) lib/action_dispatch/middleware/callbacks.rb:30:in `call'
actionpack (8.0.2) lib/action_dispatch/middleware/executor.rb:16:in `call'
actionpack (8.0.2) lib/action_dispatch/middleware/actionable_exceptions.rb:18:in `call'
actionpack (8.0.2) lib/action_dispatch/middleware/debug_exceptions.rb:31:in `call'
web-console (4.2.1) lib/web_console/middleware.rb:132:in `call_app'
web-console (4.2.1) lib/web_console/middleware.rb:28:in `block in call'
web-console (4.2.1) lib/web_console/middleware.rb:17:in `catch'
web-console (4.2.1) lib/web_console/middleware.rb:17:in `call'
actionpack (8.0.2) lib/action_dispatch/middleware/show_exceptions.rb:32:in `call'
railties (8.0.2) lib/rails/rack/logger.rb:41:in `call_app'
railties (8.0.2) lib/rails/rack/logger.rb:29:in `call'
actionpack (8.0.2) lib/action_dispatch/middleware/remote_ip.rb:96:in `call'
actionpack (8.0.2) lib/action_dispatch/middleware/request_id.rb:34:in `call'
rack (3.1.14) lib/rack/method_override.rb:28:in `call'
rack (3.1.14) lib/rack/runtime.rb:24:in `call'
actionpack (8.0.2) lib/action_dispatch/middleware/server_timing.rb:61:in `block in call'
actionpack (8.0.2) lib/action_dispatch/middleware/server_timing.rb:26:in `collect_events'
actionpack (8.0.2) lib/action_dispatch/middleware/server_timing.rb:60:in `call'
actionpack (8.0.2) lib/action_dispatch/middleware/executor.rb:16:in `call'
actionpack (8.0.2) lib/action_dispatch/middleware/static.rb:27:in `call'
rack (3.1.14) lib/rack/sendfile.rb:114:in `call'
actionpack (8.0.2) lib/action_dispatch/middleware/host_authorization.rb:143:in `call'
railties (8.0.2) lib/rails/engine.rb:535:in `call'
puma (6.6.0) lib/puma/configuration.rb:279:in `call'
puma (6.6.0) lib/puma/request.rb:99:in `block in handle_request'
puma (6.6.0) lib/puma/thread_pool.rb:390:in `with_force_shutdown'
puma (6.6.0) lib/puma/request.rb:98:in `handle_request'
puma (6.6.0) lib/puma/server.rb:472:in `process_client'
puma (6.6.0) lib/puma/server.rb:254:in `block in run'
puma (6.6.0) lib/puma/thread_pool.rb:167:in `block in spawn_thread'

Information for cause: NameError (uninitialized constant ProductsController):
  
activesupport (8.0.2) lib/active_support/inflector/methods.rb:290:in `constantize'
activesupport (8.0.2) lib/active_support/core_ext/string/inflections.rb:74:in `constantize'
actionpack (8.0.2) lib/action_dispatch/http/request.rb:99:in `controller_class_for'
actionpack (8.0.2) lib/action_dispatch/http/request.rb:91:in `controller_class'
actionpack (8.0.2) lib/action_dispatch/routing/route_set.rb:61:in `controller'
actionpack (8.0.2) lib/action_dispatch/routing/route_set.rb:48:in `serve'
actionpack (8.0.2) lib/action_dispatch/journey/router.rb:53:in `block in serve'
actionpack (8.0.2) lib/action_dispatch/journey/router.rb:133:in `block in find_routes'
actionpack (8.0.2) lib/action_dispatch/journey/router.rb:126:in `each'
actionpack (8.0.2) lib/action_dispatch/journey/router.rb:126:in `find_routes'
actionpack (8.0.2) lib/action_dispatch/journey/router.rb:34:in `serve'
actionpack (8.0.2) lib/action_dispatch/routing/route_set.rb:908:in `call'
railties (8.0.2) lib/rails/engine/lazy_route_set.rb:68:in `call'
rack (3.1.14) lib/rack/tempfile_reaper.rb:20:in `call'
rack (3.1.14) lib/rack/etag.rb:29:in `call'
rack (3.1.14) lib/rack/conditional_get.rb:31:in `call'
rack (3.1.14) lib/rack/head.rb:15:in `call'
actionpack (8.0.2) lib/action_dispatch/http/permissions_policy.rb:38:in `call'
actionpack (8.0.2) lib/action_dispatch/http/content_security_policy.rb:38:in `call'
rack-session (2.1.1) lib/rack/session/abstract/id.rb:274:in `context'
rack-session (2.1.1) lib/rack/session/abstract/id.rb:268:in `call'
actionpack (8.0.2) lib/action_dispatch/middleware/cookies.rb:706:in `call'
activerecord (8.0.2) lib/active_record/migration.rb:671:in `call'
actionpack (8.0.2) lib/action_dispatch/middleware/callbacks.rb:31:in `block in call'
activesupport (8.0.2) lib/active_support/callbacks.rb:100:in `run_callbacks'
actionpack (8.0.2) lib/action_dispatch/middleware/callbacks.rb:30:in `call'
actionpack (8.0.2) lib/action_dispatch/middleware/executor.rb:16:in `call'
actionpack (8.0.2) lib/action_dispatch/middleware/actionable_exceptions.rb:18:in `call'
actionpack (8.0.2) lib/action_dispatch/middleware/debug_exceptions.rb:31:in `call'
web-console (4.2.1) lib/web_console/middleware.rb:132:in `call_app'
web-console (4.2.1) lib/web_console/middleware.rb:28:in `block in call'
web-console (4.2.1) lib/web_console/middleware.rb:17:in `catch'
web-console (4.2.1) lib/web_console/middleware.rb:17:in `call'
actionpack (8.0.2) lib/action_dispatch/middleware/show_exceptions.rb:32:in `call'
railties (8.0.2) lib/rails/rack/logger.rb:41:in `call_app'
railties (8.0.2) lib/rails/rack/logger.rb:29:in `call'
actionpack (8.0.2) lib/action_dispatch/middleware/remote_ip.rb:96:in `call'
actionpack (8.0.2) lib/action_dispatch/middleware/request_id.rb:34:in `call'
rack (3.1.14) lib/rack/method_override.rb:28:in `call'
rack (3.1.14) lib/rack/runtime.rb:24:in `call'
actionpack (8.0.2) lib/action_dispatch/middleware/server_timing.rb:61:in `block in call'
actionpack (8.0.2) lib/action_dispatch/middleware/server_timing.rb:26:in `collect_events'
actionpack (8.0.2) lib/action_dispatch/middleware/server_timing.rb:60:in `call'
actionpack (8.0.2) lib/action_dispatch/middleware/executor.rb:16:in `call'
actionpack (8.0.2) lib/action_dispatch/middleware/static.rb:27:in `call'
rack (3.1.14) lib/rack/sendfile.rb:114:in `call'
actionpack (8.0.2) lib/action_dispatch/middleware/host_authorization.rb:143:in `call'
railties (8.0.2) lib/rails/engine.rb:535:in `call'
puma (6.6.0) lib/puma/configuration.rb:279:in `call'
puma (6.6.0) lib/puma/request.rb:99:in `block in handle_request'
puma (6.6.0) lib/puma/thread_pool.rb:390:in `with_force_shutdown'
puma (6.6.0) lib/puma/request.rb:98:in `handle_request'
puma (6.6.0) lib/puma/server.rb:472:in `process_client'
puma (6.6.0) lib/puma/server.rb:254:in `block in run'
puma (6.6.0) lib/puma/thread_pool.rb:167:in `block in spawn_thread'
Started GET "/" for 127.0.0.1 at 2025-05-18 11:52:54 -0700
  [1m[36mActiveRecord::SchemaMigration Load (0.1ms)[0m  [1m[34mSELECT "schema_migrations"."version" FROM "schema_migrations" ORDER BY "schema_migrations"."version" ASC /*application='Store'*/[0m
Processing by Rails::WelcomeController#index as HTML
  Rendering /Users/maxq/.rbenv/versions/3.2.8/lib/ruby/gems/3.2.0/gems/railties-8.0.2/lib/rails/templates/rails/welcome/index.html.erb
  Rendered /Users/maxq/.rbenv/versions/3.2.8/lib/ruby/gems/3.2.0/gems/railties-8.0.2/lib/rails/templates/rails/welcome/index.html.erb (Duration: 0.3ms | GC: 0.0ms)
Completed 200 OK in 39ms (Views: 2.2ms | ActiveRecord: 0.0ms (0 queries, 0 cached) | GC: 0.0ms)


Started GET "/products" for 127.0.0.1 at 2025-05-18 11:52:58 -0700
Processing by ProductsController#index as HTML
  Rendering layout layouts/application.html.erb
  Rendering products/index.html.erb within layouts/application
  Rendered products/index.html.erb within layouts/application (Duration: 0.1ms | GC: 0.0ms)
  Rendered layout layouts/application.html.erb (Duration: 6.9ms | GC: 0.0ms)
Completed 200 OK in 61ms (Views: 7.8ms | ActiveRecord: 0.0ms (0 queries, 0 cached) | GC: 0.0ms)


Started GET "/assets/application-8b441ae0.css" for 127.0.0.1 at 2025-05-18 11:52:58 -0700
Started GET "/assets/stimulus.min-4b1e420e.js" for 127.0.0.1 at 2025-05-18 11:52:58 -0700
Started GET "/assets/stimulus-loading-1fc53fe7.js" for 127.0.0.1 at 2025-05-18 11:52:58 -0700
Started GET "/assets/controllers/hello_controller-708796bd.js" for 127.0.0.1 at 2025-05-18 11:52:58 -0700
Started GET "/assets/controllers/index-ee64e1f1.js" for 127.0.0.1 at 2025-05-18 11:52:58 -0700
Started GET "/assets/turbo.min-1262d735.js" for 127.0.0.1 at 2025-05-18 11:52:58 -0700
Started GET "/assets/application-bfcdf840.js" for 127.0.0.1 at 2025-05-18 11:52:58 -0700
Started GET "/assets/controllers/application-3affb389.js" for 127.0.0.1 at 2025-05-18 11:52:58 -0700
Started GET "/products" for 127.0.0.1 at 2025-05-18 11:53:50 -0700
Processing by ProductsController#index as HTML
  Rendering layout layouts/application.html.erb
  Rendering products/index.html.erb within layouts/application
  [1m[36mProduct Load (2.1ms)[0m  [1m[34mSELECT "products".* FROM "products" /*action='index',application='Store',controller='products'*/[0m
  ↳ app/views/products/index.html.erb:1
  Rendered products/index.html.erb within layouts/application (Duration: 6.4ms | GC: 1.0ms)
  Rendered layout layouts/application.html.erb (Duration: 13.2ms | GC: 1.7ms)
Completed 200 OK in 40ms (Views: 11.4ms | ActiveRecord: 2.5ms (1 query, 0 cached) | GC: 2.6ms)


Started GET "/products" for 127.0.0.1 at 2025-05-18 11:54:10 -0700
Processing by ProductsController#index as HTML
  Rendering layout layouts/application.html.erb
  Rendering products/index.html.erb within layouts/application
  [1m[36mProduct Load (0.5ms)[0m  [1m[34mSELECT "products".* FROM "products" /*action='index',application='Store',controller='products'*/[0m
  ↳ app/views/products/index.html.erb:4
  Rendered products/index.html.erb within layouts/application (Duration: 2.5ms | GC: 0.1ms)
  Rendered layout layouts/application.html.erb (Duration: 3.7ms | GC: 0.1ms)
Completed 200 OK in 28ms (Views: 3.9ms | ActiveRecord: 0.6ms (1 query, 0 cached) | GC: 0.4ms)


Started GET "/" for 127.0.0.1 at 2025-05-18 23:06:10 -0700
  [1m[36mActiveRecord::SchemaMigration Load (0.1ms)[0m  [1m[34mSELECT "schema_migrations"."version" FROM "schema_migrations" ORDER BY "schema_migrations"."version" ASC /*application='Store'*/[0m
Processing by Rails::WelcomeController#index as HTML
  Rendering /Users/maxq/.rbenv/versions/3.2.8/lib/ruby/gems/3.2.0/gems/railties-8.0.2/lib/rails/templates/rails/welcome/index.html.erb
  Rendered /Users/maxq/.rbenv/versions/3.2.8/lib/ruby/gems/3.2.0/gems/railties-8.0.2/lib/rails/templates/rails/welcome/index.html.erb (Duration: 0.3ms | GC: 0.0ms)
Completed 200 OK in 42ms (Views: 2.2ms | ActiveRecord: 0.0ms (0 queries, 0 cached) | GC: 0.0ms)


Started GET "/products" for 127.0.0.1 at 2025-05-18 23:06:13 -0700
Processing by ProductsController#index as HTML
  Rendering layout layouts/application.html.erb
  Rendering products/index.html.erb within layouts/application
  [1m[36mProduct Load (0.7ms)[0m  [1m[34mSELECT "products".* FROM "products" /*action='index',application='Store',controller='products'*/[0m
  ↳ app/views/products/index.html.erb:4
  Rendered products/index.html.erb within layouts/application (Duration: 3.9ms | GC: 0.0ms)
  Rendered layout layouts/application.html.erb (Duration: 13.2ms | GC: 0.0ms)
Completed 200 OK in 56ms (Views: 12.8ms | ActiveRecord: 1.3ms (1 query, 0 cached) | GC: 0.0ms)


Started GET "/products/1" for 127.0.0.1 at 2025-05-18 23:06:15 -0700
  
AbstractController::ActionNotFound (The action 'show' could not be found for ProductsController):
  
actionpack (8.0.2) lib/abstract_controller/base.rb:158:in `process'
actionview (8.0.2) lib/action_view/rendering.rb:40:in `process'
actionpack (8.0.2) lib/action_controller/metal.rb:252:in `dispatch'
actionpack (8.0.2) lib/action_controller/metal.rb:335:in `dispatch'
actionpack (8.0.2) lib/action_dispatch/routing/route_set.rb:67:in `dispatch'
actionpack (8.0.2) lib/action_dispatch/routing/route_set.rb:50:in `serve'
actionpack (8.0.2) lib/action_dispatch/journey/router.rb:53:in `block in serve'
actionpack (8.0.2) lib/action_dispatch/journey/router.rb:133:in `block in find_routes'
actionpack (8.0.2) lib/action_dispatch/journey/router.rb:126:in `each'
actionpack (8.0.2) lib/action_dispatch/journey/router.rb:126:in `find_routes'
actionpack (8.0.2) lib/action_dispatch/journey/router.rb:34:in `serve'
actionpack (8.0.2) lib/action_dispatch/routing/route_set.rb:908:in `call'
railties (8.0.2) lib/rails/engine/lazy_route_set.rb:68:in `call'
rack (3.1.14) lib/rack/tempfile_reaper.rb:20:in `call'
rack (3.1.14) lib/rack/etag.rb:29:in `call'
rack (3.1.14) lib/rack/conditional_get.rb:31:in `call'
rack (3.1.14) lib/rack/head.rb:15:in `call'
actionpack (8.0.2) lib/action_dispatch/http/permissions_policy.rb:38:in `call'
actionpack (8.0.2) lib/action_dispatch/http/content_security_policy.rb:38:in `call'
rack-session (2.1.1) lib/rack/session/abstract/id.rb:274:in `context'
rack-session (2.1.1) lib/rack/session/abstract/id.rb:268:in `call'
actionpack (8.0.2) lib/action_dispatch/middleware/cookies.rb:706:in `call'
activerecord (8.0.2) lib/active_record/migration.rb:671:in `call'
actionpack (8.0.2) lib/action_dispatch/middleware/callbacks.rb:31:in `block in call'
activesupport (8.0.2) lib/active_support/callbacks.rb:100:in `run_callbacks'
actionpack (8.0.2) lib/action_dispatch/middleware/callbacks.rb:30:in `call'
actionpack (8.0.2) lib/action_dispatch/middleware/executor.rb:16:in `call'
actionpack (8.0.2) lib/action_dispatch/middleware/actionable_exceptions.rb:18:in `call'
actionpack (8.0.2) lib/action_dispatch/middleware/debug_exceptions.rb:31:in `call'
web-console (4.2.1) lib/web_console/middleware.rb:132:in `call_app'
web-console (4.2.1) lib/web_console/middleware.rb:28:in `block in call'
web-console (4.2.1) lib/web_console/middleware.rb:17:in `catch'
web-console (4.2.1) lib/web_console/middleware.rb:17:in `call'
actionpack (8.0.2) lib/action_dispatch/middleware/show_exceptions.rb:32:in `call'
railties (8.0.2) lib/rails/rack/logger.rb:41:in `call_app'
railties (8.0.2) lib/rails/rack/logger.rb:29:in `call'
actionpack (8.0.2) lib/action_dispatch/middleware/remote_ip.rb:96:in `call'
actionpack (8.0.2) lib/action_dispatch/middleware/request_id.rb:34:in `call'
rack (3.1.14) lib/rack/method_override.rb:28:in `call'
rack (3.1.14) lib/rack/runtime.rb:24:in `call'
actionpack (8.0.2) lib/action_dispatch/middleware/server_timing.rb:61:in `block in call'
actionpack (8.0.2) lib/action_dispatch/middleware/server_timing.rb:26:in `collect_events'
actionpack (8.0.2) lib/action_dispatch/middleware/server_timing.rb:60:in `call'
actionpack (8.0.2) lib/action_dispatch/middleware/executor.rb:16:in `call'
actionpack (8.0.2) lib/action_dispatch/middleware/static.rb:27:in `call'
rack (3.1.14) lib/rack/sendfile.rb:114:in `call'
actionpack (8.0.2) lib/action_dispatch/middleware/host_authorization.rb:143:in `call'
railties (8.0.2) lib/rails/engine.rb:535:in `call'
puma (6.6.0) lib/puma/configuration.rb:279:in `call'
puma (6.6.0) lib/puma/request.rb:99:in `block in handle_request'
puma (6.6.0) lib/puma/thread_pool.rb:390:in `with_force_shutdown'
puma (6.6.0) lib/puma/request.rb:98:in `handle_request'
puma (6.6.0) lib/puma/server.rb:472:in `process_client'
puma (6.6.0) lib/puma/server.rb:254:in `block in run'
puma (6.6.0) lib/puma/thread_pool.rb:167:in `block in spawn_thread'
Started GET "/products" for 127.0.0.1 at 2025-05-18 23:06:17 -0700
Processing by ProductsController#index as HTML
  Rendering layout layouts/application.html.erb
  Rendering products/index.html.erb within layouts/application
  [1m[36mProduct Load (0.1ms)[0m  [1m[34mSELECT "products".* FROM "products" /*action='index',application='Store',controller='products'*/[0m
  ↳ app/views/products/index.html.erb:4
  Rendered products/index.html.erb within layouts/application (Duration: 1.1ms | GC: 0.0ms)
  Rendered layout layouts/application.html.erb (Duration: 1.8ms | GC: 0.0ms)
Completed 200 OK in 36ms (Views: 1.9ms | ActiveRecord: 0.1ms (1 query, 0 cached) | GC: 0.0ms)


Started GET "/products" for 127.0.0.1 at 2025-05-18 23:20:11 -0700
Processing by ProductsController#index as HTML
  Rendering layout layouts/application.html.erb
  Rendering products/index.html.erb within layouts/application
  [1m[36mProduct Load (1.9ms)[0m  [1m[34mSELECT "products".* FROM "products" /*action='index',application='Store',controller='products'*/[0m
  ↳ app/views/products/index.html.erb:4
  Rendered products/index.html.erb within layouts/application (Duration: 3.7ms | GC: 0.0ms)
  Rendered layout layouts/application.html.erb (Duration: 5.0ms | GC: 0.0ms)
Completed 200 OK in 28ms (Views: 4.0ms | ActiveRecord: 1.9ms (1 query, 0 cached) | GC: 0.0ms)


Started GET "/products" for 127.0.0.1 at 2025-05-18 23:25:10 -0700
Processing by ProductsController#index as HTML
  Rendering layout layouts/application.html.erb
  Rendering products/index.html.erb within layouts/application
  [1m[36mProduct Load (0.8ms)[0m  [1m[34mSELECT "products".* FROM "products" /*action='index',application='Store',controller='products'*/[0m
  ↳ app/views/products/index.html.erb:6
  Rendered products/index.html.erb within layouts/application (Duration: 2.9ms | GC: 0.0ms)
  Rendered layout layouts/application.html.erb (Duration: 4.2ms | GC: 0.2ms)
Completed 200 OK in 27ms (Views: 4.3ms | ActiveRecord: 1.0ms (1 query, 0 cached) | GC: 0.4ms)


Started GET "/products/new" for 127.0.0.1 at 2025-05-18 23:25:12 -0700
Processing by ProductsController#new as HTML
  Rendering layout layouts/application.html.erb
  Rendering products/new.html.erb within layouts/application
  Rendered products/new.html.erb within layouts/application (Duration: 5.9ms | GC: 0.0ms)
  Rendered layout layouts/application.html.erb (Duration: 6.4ms | GC: 0.0ms)
Completed 200 OK in 41ms (Views: 6.8ms | ActiveRecord: 0.0ms (0 queries, 0 cached) | GC: 0.3ms)


Started GET "/products/new" for 127.0.0.1 at 2025-05-18 23:27:40 -0700
Processing by ProductsController#new as HTML
  Rendering layout layouts/application.html.erb
  Rendering products/new.html.erb within layouts/application
  Rendered products/new.html.erb within layouts/application (Duration: 0.7ms | GC: 0.0ms)
  Rendered layout layouts/application.html.erb (Duration: 1.2ms | GC: 0.2ms)
Completed 200 OK in 33ms (Views: 1.4ms | ActiveRecord: 0.0ms (0 queries, 0 cached) | GC: 0.2ms)


Started GET "/products/new" for 127.0.0.1 at 2025-05-18 23:35:03 -0700
Processing by ProductsController#new as HTML
  Rendering layout layouts/application.html.erb
  Rendering products/new.html.erb within layouts/application
  Rendered products/new.html.erb within layouts/application (Duration: 0.8ms | GC: 0.0ms)
  Rendered layout layouts/application.html.erb (Duration: 1.7ms | GC: 0.1ms)
Completed 200 OK in 23ms (Views: 2.6ms | ActiveRecord: 0.0ms (0 queries, 0 cached) | GC: 0.2ms)


Started POST "/products" for 127.0.0.1 at 2025-05-18 23:35:06 -0700
Processing by ProductsController#create as TURBO_STREAM
  Parameters: {"authenticity_token"=>"[FILTERED]", "product"=>{"name"=>""}, "commit"=>"Create Product"}
  Rendering layout layouts/application.html.erb
  Rendering products/new.html.erb within layouts/application
  Rendered products/new.html.erb within layouts/application (Duration: 0.7ms | GC: 0.0ms)
  Rendered layout layouts/application.html.erb (Duration: 1.0ms | GC: 0.0ms)
Completed 422 Unprocessable Content in 30ms (Views: 1.2ms | ActiveRecord: 0.0ms (0 queries, 0 cached) | GC: 0.0ms)


Started GET "/products/" for 127.0.0.1 at 2025-05-18 23:35:19 -0700
Processing by ProductsController#index as HTML
  Rendering layout layouts/application.html.erb
  Rendering products/index.html.erb within layouts/application
  [1m[36mProduct Load (2.3ms)[0m  [1m[34mSELECT "products".* FROM "products" /*action='index',application='Store',controller='products'*/[0m
  ↳ app/views/products/index.html.erb:6
  Rendered products/index.html.erb within layouts/application (Duration: 3.5ms | GC: 0.0ms)
  Rendered layout layouts/application.html.erb (Duration: 4.0ms | GC: 0.0ms)
Completed 200 OK in 40ms (Views: 2.0ms | ActiveRecord: 2.2ms (1 query, 0 cached) | GC: 0.0ms)


Started GET "/products/new" for 127.0.0.1 at 2025-05-18 23:35:21 -0700
Processing by ProductsController#new as HTML
  Rendering layout layouts/application.html.erb
  Rendering products/new.html.erb within layouts/application
  Rendered products/new.html.erb within layouts/application (Duration: 0.6ms | GC: 0.0ms)
  Rendered layout layouts/application.html.erb (Duration: 1.0ms | GC: 0.0ms)
Completed 200 OK in 34ms (Views: 1.2ms | ActiveRecord: 0.0ms (0 queries, 0 cached) | GC: 0.0ms)


Started GET "/products/" for 127.0.0.1 at 2025-05-18 23:35:22 -0700
Processing by ProductsController#index as HTML
  Rendering layout layouts/application.html.erb
  Rendering products/index.html.erb within layouts/application
  [1m[36mProduct Load (0.1ms)[0m  [1m[34mSELECT "products".* FROM "products" /*action='index',application='Store',controller='products'*/[0m
  ↳ app/views/products/index.html.erb:6
  Rendered products/index.html.erb within layouts/application (Duration: 0.8ms | GC: 0.0ms)
  Rendered layout layouts/application.html.erb (Duration: 1.4ms | GC: 0.0ms)
Completed 200 OK in 37ms (Views: 1.5ms | ActiveRecord: 0.1ms (1 query, 0 cached) | GC: 0.0ms)


Started GET "/products/new" for 127.0.0.1 at 2025-05-18 23:35:23 -0700
Processing by ProductsController#new as HTML
  Rendering layout layouts/application.html.erb
  Rendering products/new.html.erb within layouts/application
  Rendered products/new.html.erb within layouts/application (Duration: 3.7ms | GC: 3.0ms)
  Rendered layout layouts/application.html.erb (Duration: 4.0ms | GC: 3.0ms)
Completed 200 OK in 36ms (Views: 4.2ms | ActiveRecord: 0.0ms (0 queries, 0 cached) | GC: 3.0ms)


Started POST "/products" for 127.0.0.1 at 2025-05-18 23:35:30 -0700
Processing by ProductsController#create as TURBO_STREAM
  Parameters: {"authenticity_token"=>"[FILTERED]", "product"=>{"name"=>"T-Shirt"}, "commit"=>"Create Product"}
  [1m[36mTRANSACTION (0.1ms)[0m  [1m[35mBEGIN immediate TRANSACTION /*action='create',application='Store',controller='products'*/[0m
  ↳ app/controllers/products_controller.rb:16:in `create'
  [1m[36mProduct Create (2.6ms)[0m  [1m[32mINSERT INTO "products" ("name", "created_at", "updated_at") VALUES ('T-Shirt', '2025-05-19 06:35:30.896945', '2025-05-19 06:35:30.896945') RETURNING "id" /*action='create',application='Store',controller='products'*/[0m
  ↳ app/controllers/products_controller.rb:16:in `create'
  [1m[36mTRANSACTION (0.2ms)[0m  [1m[35mCOMMIT TRANSACTION /*action='create',application='Store',controller='products'*/[0m
  ↳ app/controllers/products_controller.rb:16:in `create'
Redirected to http://127.0.0.1:3000/products/3
Completed 302 Found in 38ms (ActiveRecord: 2.8ms (1 query, 0 cached) | GC: 0.3ms)


Started GET "/products/3" for 127.0.0.1 at 2025-05-18 23:35:30 -0700
Processing by ProductsController#show as TURBO_STREAM
  Parameters: {"id"=>"3"}
  [1m[36mProduct Load (0.4ms)[0m  [1m[34mSELECT "products".* FROM "products" WHERE "products"."id" = 3 LIMIT 1 /*action='show',application='Store',controller='products'*/[0m
  ↳ app/controllers/products_controller.rb:7:in `show'
No template found for ProductsController#show, rendering head :no_content
Completed 204 No Content in 23ms (ActiveRecord: 0.4ms (1 query, 0 cached) | GC: 0.4ms)


Started POST "/products" for 127.0.0.1 at 2025-05-18 23:35:47 -0700
Processing by ProductsController#create as TURBO_STREAM
  Parameters: {"authenticity_token"=>"[FILTERED]", "product"=>{"name"=>"Shoes"}, "commit"=>"Create Product"}
  [1m[36mTRANSACTION (0.0ms)[0m  [1m[35mBEGIN immediate TRANSACTION /*action='create',application='Store',controller='products'*/[0m
  ↳ app/controllers/products_controller.rb:16:in `create'
  [1m[36mProduct Create (0.8ms)[0m  [1m[32mINSERT INTO "products" ("name", "created_at", "updated_at") VALUES ('Shoes', '2025-05-19 06:35:47.667274', '2025-05-19 06:35:47.667274') RETURNING "id" /*action='create',application='Store',controller='products'*/[0m
  ↳ app/controllers/products_controller.rb:16:in `create'
  [1m[36mTRANSACTION (0.1ms)[0m  [1m[35mCOMMIT TRANSACTION /*action='create',application='Store',controller='products'*/[0m
  ↳ app/controllers/products_controller.rb:16:in `create'
Redirected to http://127.0.0.1:3000/products/4
Completed 302 Found in 36ms (ActiveRecord: 0.9ms (1 query, 0 cached) | GC: 0.1ms)


Started GET "/products/4" for 127.0.0.1 at 2025-05-18 23:35:47 -0700
Processing by ProductsController#show as TURBO_STREAM
  Parameters: {"id"=>"4"}
  [1m[36mProduct Load (0.1ms)[0m  [1m[34mSELECT "products".* FROM "products" WHERE "products"."id" = 4 LIMIT 1 /*action='show',application='Store',controller='products'*/[0m
  ↳ app/controllers/products_controller.rb:7:in `show'
No template found for ProductsController#show, rendering head :no_content
Completed 204 No Content in 20ms (ActiveRecord: 0.1ms (1 query, 0 cached) | GC: 0.1ms)


Started GET "/.well-known/appspecific/com.chrome.devtools.json" for 127.0.0.1 at 2025-05-18 23:35:50 -0700
  
ActionController::RoutingError (No route matches [GET] "/.well-known/appspecific/com.chrome.devtools.json"):
  
Started GET "/assets/turbo.min-02fd5b81.js.map" for 127.0.0.1 at 2025-05-18 23:35:50 -0700
Started GET "/assets/stimulus.min-2395e199.js.map" for 127.0.0.1 at 2025-05-18 23:35:50 -0700
Started POST "/products" for 127.0.0.1 at 2025-05-18 23:36:21 -0700
Processing by ProductsController#create as TURBO_STREAM
  Parameters: {"authenticity_token"=>"[FILTERED]", "product"=>{"name"=>"Shoes"}, "commit"=>"Create Product"}
  [1m[36mTRANSACTION (0.1ms)[0m  [1m[35mBEGIN immediate TRANSACTION /*action='create',application='Store',controller='products'*/[0m
  ↳ app/controllers/products_controller.rb:16:in `create'
  [1m[36mProduct Create (1.1ms)[0m  [1m[32mINSERT INTO "products" ("name", "created_at", "updated_at") VALUES ('Shoes', '2025-05-19 06:36:21.572680', '2025-05-19 06:36:21.572680') RETURNING "id" /*action='create',application='Store',controller='products'*/[0m
  ↳ app/controllers/products_controller.rb:16:in `create'
  [1m[36mTRANSACTION (0.2ms)[0m  [1m[35mCOMMIT TRANSACTION /*action='create',application='Store',controller='products'*/[0m
  ↳ app/controllers/products_controller.rb:16:in `create'
Redirected to http://127.0.0.1:3000/products/5
Completed 302 Found in 36ms (ActiveRecord: 1.3ms (1 query, 0 cached) | GC: 0.0ms)


Started GET "/products/5" for 127.0.0.1 at 2025-05-18 23:36:21 -0700
Processing by ProductsController#show as TURBO_STREAM
  Parameters: {"id"=>"5"}
  [1m[36mProduct Load (0.1ms)[0m  [1m[34mSELECT "products".* FROM "products" WHERE "products"."id" = 5 LIMIT 1 /*action='show',application='Store',controller='products'*/[0m
  ↳ app/controllers/products_controller.rb:7:in `show'
No template found for ProductsController#show, rendering head :no_content
Completed 204 No Content in 21ms (ActiveRecord: 0.1ms (1 query, 0 cached) | GC: 0.0ms)


Started POST "/products" for 127.0.0.1 at 2025-05-18 23:37:28 -0700
  [1m[36mActiveRecord::SchemaMigration Load (0.1ms)[0m  [1m[34mSELECT "schema_migrations"."version" FROM "schema_migrations" ORDER BY "schema_migrations"."version" ASC /*application='Store'*/[0m
Processing by ProductsController#create as TURBO_STREAM
  Parameters: {"authenticity_token"=>"[FILTERED]", "product"=>{"name"=>"Shoes"}, "commit"=>"Create Product"}
  [1m[36mTRANSACTION (0.0ms)[0m  [1m[35mBEGIN immediate TRANSACTION /*action='create',application='Store',controller='products'*/[0m
  ↳ app/controllers/products_controller.rb:16:in `create'
  [1m[36mProduct Create (0.7ms)[0m  [1m[32mINSERT INTO "products" ("name", "created_at", "updated_at") VALUES ('Shoes', '2025-05-19 06:37:28.379782', '2025-05-19 06:37:28.379782') RETURNING "id" /*action='create',application='Store',controller='products'*/[0m
  ↳ app/controllers/products_controller.rb:16:in `create'
  [1m[36mTRANSACTION (0.3ms)[0m  [1m[35mCOMMIT TRANSACTION /*action='create',application='Store',controller='products'*/[0m
  ↳ app/controllers/products_controller.rb:16:in `create'
Redirected to http://127.0.0.1:3000/products/6
Completed 302 Found in 50ms (ActiveRecord: 2.4ms (1 query, 0 cached) | GC: 0.0ms)


Started GET "/products/6" for 127.0.0.1 at 2025-05-18 23:37:28 -0700
Processing by ProductsController#show as TURBO_STREAM
  Parameters: {"id"=>"6"}
  [1m[36mProduct Load (0.1ms)[0m  [1m[34mSELECT "products".* FROM "products" WHERE "products"."id" = 6 LIMIT 1 /*action='show',application='Store',controller='products'*/[0m
  ↳ app/controllers/products_controller.rb:7:in `show'
No template found for ProductsController#show, rendering head :no_content
Completed 204 No Content in 21ms (ActiveRecord: 0.1ms (1 query, 0 cached) | GC: 0.0ms)


Started POST "/products" for 127.0.0.1 at 2025-05-18 23:38:56 -0700
  [1m[36mActiveRecord::SchemaMigration Load (0.1ms)[0m  [1m[34mSELECT "schema_migrations"."version" FROM "schema_migrations" ORDER BY "schema_migrations"."version" ASC /*application='Store'*/[0m
Processing by ProductsController#create as TURBO_STREAM
  Parameters: {"authenticity_token"=>"[FILTERED]", "product"=>{"name"=>"Shoes"}, "commit"=>"Create Product"}
  [1m[36mTRANSACTION (0.0ms)[0m  [1m[35mBEGIN immediate TRANSACTION /*action='create',application='Store',controller='products'*/[0m
  ↳ app/controllers/products_controller.rb:16:in `create'
  [1m[36mProduct Create (0.5ms)[0m  [1m[32mINSERT INTO "products" ("name", "created_at", "updated_at") VALUES ('Shoes', '2025-05-19 06:38:56.178161', '2025-05-19 06:38:56.178161') RETURNING "id" /*action='create',application='Store',controller='products'*/[0m
  ↳ app/controllers/products_controller.rb:16:in `create'
  [1m[36mTRANSACTION (0.1ms)[0m  [1m[35mCOMMIT TRANSACTION /*action='create',application='Store',controller='products'*/[0m
  ↳ app/controllers/products_controller.rb:16:in `create'
Redirected to http://127.0.0.1:3000/products/7
Completed 302 Found in 48ms (ActiveRecord: 1.6ms (1 query, 0 cached) | GC: 0.0ms)


Started GET "/products/7" for 127.0.0.1 at 2025-05-18 23:38:56 -0700
Processing by ProductsController#show as TURBO_STREAM
  Parameters: {"id"=>"7"}
  [1m[36mProduct Load (0.1ms)[0m  [1m[34mSELECT "products".* FROM "products" WHERE "products"."id" = 7 LIMIT 1 /*action='show',application='Store',controller='products'*/[0m
  ↳ app/controllers/products_controller.rb:7:in `show'
  Rendering layout layouts/application.html.erb
  Rendering products/show.html.erb within layouts/application
  Rendered products/show.html.erb within layouts/application (Duration: 0.3ms | GC: 0.0ms)
  Rendered layout layouts/application.html.erb (Duration: 6.6ms | GC: 0.0ms)
Completed 200 OK in 34ms (Views: 8.8ms | ActiveRecord: 0.1ms (1 query, 0 cached) | GC: 0.0ms)


Started GET "/products" for 127.0.0.1 at 2025-05-18 23:38:57 -0700
Processing by ProductsController#index as HTML
  Rendering layout layouts/application.html.erb
  Rendering products/index.html.erb within layouts/application
  [1m[36mProduct Load (0.1ms)[0m  [1m[34mSELECT "products".* FROM "products" /*action='index',application='Store',controller='products'*/[0m
  ↳ app/views/products/index.html.erb:6
  Rendered products/index.html.erb within layouts/application (Duration: 1.2ms | GC: 0.0ms)
  Rendered layout layouts/application.html.erb (Duration: 1.7ms | GC: 0.0ms)
Completed 200 OK in 35ms (Views: 1.8ms | ActiveRecord: 0.1ms (1 query, 0 cached) | GC: 0.0ms)


Started GET "/products/new" for 127.0.0.1 at 2025-05-18 23:38:58 -0700
Processing by ProductsController#new as HTML
  Rendering layout layouts/application.html.erb
  Rendering products/new.html.erb within layouts/application
  Rendered products/new.html.erb within layouts/application (Duration: 2.4ms | GC: 0.0ms)
  Rendered layout layouts/application.html.erb (Duration: 2.8ms | GC: 0.0ms)
Completed 200 OK in 39ms (Views: 3.0ms | ActiveRecord: 0.0ms (0 queries, 0 cached) | GC: 0.0ms)


Started GET "/products/5" for 127.0.0.1 at 2025-05-18 23:38:59 -0700
Processing by ProductsController#show as HTML
  Parameters: {"id"=>"5"}
  [1m[36mProduct Load (0.1ms)[0m  [1m[34mSELECT "products".* FROM "products" WHERE "products"."id" = 5 LIMIT 1 /*action='show',application='Store',controller='products'*/[0m
  ↳ app/controllers/products_controller.rb:7:in `show'
  Rendering layout layouts/application.html.erb
  Rendering products/show.html.erb within layouts/application
  Rendered products/show.html.erb within layouts/application (Duration: 0.2ms | GC: 0.0ms)
  Rendered layout layouts/application.html.erb (Duration: 0.7ms | GC: 0.0ms)
Completed 200 OK in 36ms (Views: 0.9ms | ActiveRecord: 0.1ms (1 query, 0 cached) | GC: 0.0ms)


Started GET "/products/4" for 127.0.0.1 at 2025-05-18 23:38:59 -0700
Processing by ProductsController#show as HTML
  Parameters: {"id"=>"4"}
  [1m[36mProduct Load (0.1ms)[0m  [1m[34mSELECT "products".* FROM "products" WHERE "products"."id" = 4 LIMIT 1 /*action='show',application='Store',controller='products'*/[0m
  ↳ app/controllers/products_controller.rb:7:in `show'
  Rendering layout layouts/application.html.erb
  Rendering products/show.html.erb within layouts/application
  Rendered products/show.html.erb within layouts/application (Duration: 0.1ms | GC: 0.0ms)
  Rendered layout layouts/application.html.erb (Duration: 0.6ms | GC: 0.0ms)
Completed 200 OK in 36ms (Views: 0.9ms | ActiveRecord: 0.1ms (1 query, 0 cached) | GC: 0.0ms)


Started GET "/products/4/edit" for 127.0.0.1 at 2025-05-18 23:39:00 -0700
Processing by ProductsController#edit as HTML
  Parameters: {"id"=>"4"}
  [1m[36mProduct Load (0.1ms)[0m  [1m[34mSELECT "products".* FROM "products" WHERE "products"."id" = 4 LIMIT 1 /*action='edit',application='Store',controller='products'*/[0m
  ↳ app/controllers/products_controller.rb:24:in `edit'
Completed 406 Not Acceptable in 35ms (ActiveRecord: 0.1ms (1 query, 0 cached) | GC: 0.0ms)


  
ActionController::MissingExactTemplate (ProductsController#edit is missing a template for request formats: text/html):
  
actionpack (8.0.2) lib/action_controller/metal/implicit_render.rb:49:in `default_render'
actionpack (8.0.2) lib/action_controller/metal/basic_implicit_render.rb:9:in `send_action'
actionpack (8.0.2) lib/abstract_controller/base.rb:226:in `process_action'
actionpack (8.0.2) lib/action_controller/metal/rendering.rb:193:in `process_action'
actionpack (8.0.2) lib/abstract_controller/callbacks.rb:261:in `block in process_action'
activesupport (8.0.2) lib/active_support/callbacks.rb:120:in `block in run_callbacks'
turbo-rails (2.0.13) lib/turbo-rails.rb:24:in `with_request_id'
turbo-rails (2.0.13) app/controllers/concerns/turbo/request_id_tracking.rb:10:in `turbo_tracking_request_id'
activesupport (8.0.2) lib/active_support/callbacks.rb:129:in `block in run_callbacks'
actiontext (8.0.2) lib/action_text/rendering.rb:25:in `with_renderer'
actiontext (8.0.2) lib/action_text/engine.rb:71:in `block (4 levels) in <class:Engine>'
activesupport (8.0.2) lib/active_support/callbacks.rb:129:in `instance_exec'
activesupport (8.0.2) lib/active_support/callbacks.rb:129:in `block in run_callbacks'
activesupport (8.0.2) lib/active_support/callbacks.rb:140:in `run_callbacks'
actionpack (8.0.2) lib/abstract_controller/callbacks.rb:260:in `process_action'
actionpack (8.0.2) lib/action_controller/metal/rescue.rb:27:in `process_action'
actionpack (8.0.2) lib/action_controller/metal/instrumentation.rb:76:in `block in process_action'
activesupport (8.0.2) lib/active_support/notifications.rb:210:in `block in instrument'
activesupport (8.0.2) lib/active_support/notifications/instrumenter.rb:58:in `instrument'
activesupport (8.0.2) lib/active_support/notifications.rb:210:in `instrument'
actionpack (8.0.2) lib/action_controller/metal/instrumentation.rb:75:in `process_action'
actionpack (8.0.2) lib/action_controller/metal/params_wrapper.rb:259:in `process_action'
activerecord (8.0.2) lib/active_record/railties/controller_runtime.rb:39:in `process_action'
actionpack (8.0.2) lib/abstract_controller/base.rb:163:in `process'
actionview (8.0.2) lib/action_view/rendering.rb:40:in `process'
actionpack (8.0.2) lib/action_controller/metal.rb:252:in `dispatch'
actionpack (8.0.2) lib/action_controller/metal.rb:335:in `dispatch'
actionpack (8.0.2) lib/action_dispatch/routing/route_set.rb:67:in `dispatch'
actionpack (8.0.2) lib/action_dispatch/routing/route_set.rb:50:in `serve'
actionpack (8.0.2) lib/action_dispatch/journey/router.rb:53:in `block in serve'
actionpack (8.0.2) lib/action_dispatch/journey/router.rb:133:in `block in find_routes'
actionpack (8.0.2) lib/action_dispatch/journey/router.rb:126:in `each'
actionpack (8.0.2) lib/action_dispatch/journey/router.rb:126:in `find_routes'
actionpack (8.0.2) lib/action_dispatch/journey/router.rb:34:in `serve'
actionpack (8.0.2) lib/action_dispatch/routing/route_set.rb:908:in `call'
railties (8.0.2) lib/rails/engine/lazy_route_set.rb:68:in `call'
rack (3.1.14) lib/rack/tempfile_reaper.rb:20:in `call'
rack (3.1.14) lib/rack/etag.rb:29:in `call'
rack (3.1.14) lib/rack/conditional_get.rb:31:in `call'
rack (3.1.14) lib/rack/head.rb:15:in `call'
actionpack (8.0.2) lib/action_dispatch/http/permissions_policy.rb:38:in `call'
actionpack (8.0.2) lib/action_dispatch/http/content_security_policy.rb:38:in `call'
rack-session (2.1.1) lib/rack/session/abstract/id.rb:274:in `context'
rack-session (2.1.1) lib/rack/session/abstract/id.rb:268:in `call'
actionpack (8.0.2) lib/action_dispatch/middleware/cookies.rb:706:in `call'
activerecord (8.0.2) lib/active_record/migration.rb:671:in `call'
actionpack (8.0.2) lib/action_dispatch/middleware/callbacks.rb:31:in `block in call'
activesupport (8.0.2) lib/active_support/callbacks.rb:100:in `run_callbacks'
actionpack (8.0.2) lib/action_dispatch/middleware/callbacks.rb:30:in `call'
actionpack (8.0.2) lib/action_dispatch/middleware/executor.rb:16:in `call'
actionpack (8.0.2) lib/action_dispatch/middleware/actionable_exceptions.rb:18:in `call'
actionpack (8.0.2) lib/action_dispatch/middleware/debug_exceptions.rb:31:in `call'
web-console (4.2.1) lib/web_console/middleware.rb:132:in `call_app'
web-console (4.2.1) lib/web_console/middleware.rb:28:in `block in call'
web-console (4.2.1) lib/web_console/middleware.rb:17:in `catch'
web-console (4.2.1) lib/web_console/middleware.rb:17:in `call'
actionpack (8.0.2) lib/action_dispatch/middleware/show_exceptions.rb:32:in `call'
railties (8.0.2) lib/rails/rack/logger.rb:41:in `call_app'
railties (8.0.2) lib/rails/rack/logger.rb:29:in `call'
actionpack (8.0.2) lib/action_dispatch/middleware/remote_ip.rb:96:in `call'
actionpack (8.0.2) lib/action_dispatch/middleware/request_id.rb:34:in `call'
rack (3.1.14) lib/rack/method_override.rb:28:in `call'
rack (3.1.14) lib/rack/runtime.rb:24:in `call'
actionpack (8.0.2) lib/action_dispatch/middleware/server_timing.rb:61:in `block in call'
actionpack (8.0.2) lib/action_dispatch/middleware/server_timing.rb:26:in `collect_events'
actionpack (8.0.2) lib/action_dispatch/middleware/server_timing.rb:60:in `call'
actionpack (8.0.2) lib/action_dispatch/middleware/executor.rb:16:in `call'
actionpack (8.0.2) lib/action_dispatch/middleware/static.rb:27:in `call'
rack (3.1.14) lib/rack/sendfile.rb:114:in `call'
actionpack (8.0.2) lib/action_dispatch/middleware/host_authorization.rb:143:in `call'
railties (8.0.2) lib/rails/engine.rb:535:in `call'
puma (6.6.0) lib/puma/configuration.rb:279:in `call'
puma (6.6.0) lib/puma/request.rb:99:in `block in handle_request'
puma (6.6.0) lib/puma/thread_pool.rb:390:in `with_force_shutdown'
puma (6.6.0) lib/puma/request.rb:98:in `handle_request'
puma (6.6.0) lib/puma/server.rb:472:in `process_client'
puma (6.6.0) lib/puma/server.rb:254:in `block in run'
puma (6.6.0) lib/puma/thread_pool.rb:167:in `block in spawn_thread'
Started GET "/products/4" for 127.0.0.1 at 2025-05-18 23:39:03 -0700
Processing by ProductsController#show as HTML
  Parameters: {"id"=>"4"}
  [1m[36mProduct Load (0.1ms)[0m  [1m[34mSELECT "products".* FROM "products" WHERE "products"."id" = 4 LIMIT 1 /*action='show',application='Store',controller='products'*/[0m
  ↳ app/controllers/products_controller.rb:7:in `show'
  Rendering layout layouts/application.html.erb
  Rendering products/show.html.erb within layouts/application
  Rendered products/show.html.erb within layouts/application (Duration: 0.2ms | GC: 0.0ms)
  Rendered layout layouts/application.html.erb (Duration: 0.7ms | GC: 0.0ms)
Completed 200 OK in 37ms (Views: 0.9ms | ActiveRecord: 0.1ms (1 query, 0 cached) | GC: 0.0ms)


Started GET "/.well-known/appspecific/com.chrome.devtools.json" for 127.0.0.1 at 2025-05-18 23:39:03 -0700
  
ActionController::RoutingError (No route matches [GET] "/.well-known/appspecific/com.chrome.devtools.json"):
  
Started GET "/products/4/edit" for 127.0.0.1 at 2025-05-18 23:39:03 -0700
Processing by ProductsController#edit as HTML
  Parameters: {"id"=>"4"}
  [1m[36mProduct Load (0.1ms)[0m  [1m[34mSELECT "products".* FROM "products" WHERE "products"."id" = 4 LIMIT 1 /*action='edit',application='Store',controller='products'*/[0m
  ↳ app/controllers/products_controller.rb:24:in `edit'
Completed 406 Not Acceptable in 29ms (ActiveRecord: 0.1ms (1 query, 0 cached) | GC: 0.0ms)


  
ActionController::MissingExactTemplate (ProductsController#edit is missing a template for request formats: text/html):
  
actionpack (8.0.2) lib/action_controller/metal/implicit_render.rb:49:in `default_render'
actionpack (8.0.2) lib/action_controller/metal/basic_implicit_render.rb:9:in `send_action'
actionpack (8.0.2) lib/abstract_controller/base.rb:226:in `process_action'
actionpack (8.0.2) lib/action_controller/metal/rendering.rb:193:in `process_action'
actionpack (8.0.2) lib/abstract_controller/callbacks.rb:261:in `block in process_action'
activesupport (8.0.2) lib/active_support/callbacks.rb:120:in `block in run_callbacks'
turbo-rails (2.0.13) lib/turbo-rails.rb:24:in `with_request_id'
turbo-rails (2.0.13) app/controllers/concerns/turbo/request_id_tracking.rb:10:in `turbo_tracking_request_id'
activesupport (8.0.2) lib/active_support/callbacks.rb:129:in `block in run_callbacks'
actiontext (8.0.2) lib/action_text/rendering.rb:25:in `with_renderer'
actiontext (8.0.2) lib/action_text/engine.rb:71:in `block (4 levels) in <class:Engine>'
activesupport (8.0.2) lib/active_support/callbacks.rb:129:in `instance_exec'
activesupport (8.0.2) lib/active_support/callbacks.rb:129:in `block in run_callbacks'
activesupport (8.0.2) lib/active_support/callbacks.rb:140:in `run_callbacks'
actionpack (8.0.2) lib/abstract_controller/callbacks.rb:260:in `process_action'
actionpack (8.0.2) lib/action_controller/metal/rescue.rb:27:in `process_action'
actionpack (8.0.2) lib/action_controller/metal/instrumentation.rb:76:in `block in process_action'
activesupport (8.0.2) lib/active_support/notifications.rb:210:in `block in instrument'
activesupport (8.0.2) lib/active_support/notifications/instrumenter.rb:58:in `instrument'
activesupport (8.0.2) lib/active_support/notifications.rb:210:in `instrument'
actionpack (8.0.2) lib/action_controller/metal/instrumentation.rb:75:in `process_action'
actionpack (8.0.2) lib/action_controller/metal/params_wrapper.rb:259:in `process_action'
activerecord (8.0.2) lib/active_record/railties/controller_runtime.rb:39:in `process_action'
actionpack (8.0.2) lib/abstract_controller/base.rb:163:in `process'
actionview (8.0.2) lib/action_view/rendering.rb:40:in `process'
actionpack (8.0.2) lib/action_controller/metal.rb:252:in `dispatch'
actionpack (8.0.2) lib/action_controller/metal.rb:335:in `dispatch'
actionpack (8.0.2) lib/action_dispatch/routing/route_set.rb:67:in `dispatch'
actionpack (8.0.2) lib/action_dispatch/routing/route_set.rb:50:in `serve'
actionpack (8.0.2) lib/action_dispatch/journey/router.rb:53:in `block in serve'
actionpack (8.0.2) lib/action_dispatch/journey/router.rb:133:in `block in find_routes'
actionpack (8.0.2) lib/action_dispatch/journey/router.rb:126:in `each'
actionpack (8.0.2) lib/action_dispatch/journey/router.rb:126:in `find_routes'
actionpack (8.0.2) lib/action_dispatch/journey/router.rb:34:in `serve'
actionpack (8.0.2) lib/action_dispatch/routing/route_set.rb:908:in `call'
railties (8.0.2) lib/rails/engine/lazy_route_set.rb:68:in `call'
rack (3.1.14) lib/rack/tempfile_reaper.rb:20:in `call'
rack (3.1.14) lib/rack/etag.rb:29:in `call'
rack (3.1.14) lib/rack/conditional_get.rb:31:in `call'
rack (3.1.14) lib/rack/head.rb:15:in `call'
actionpack (8.0.2) lib/action_dispatch/http/permissions_policy.rb:38:in `call'
actionpack (8.0.2) lib/action_dispatch/http/content_security_policy.rb:38:in `call'
rack-session (2.1.1) lib/rack/session/abstract/id.rb:274:in `context'
rack-session (2.1.1) lib/rack/session/abstract/id.rb:268:in `call'
actionpack (8.0.2) lib/action_dispatch/middleware/cookies.rb:706:in `call'
activerecord (8.0.2) lib/active_record/migration.rb:671:in `call'
actionpack (8.0.2) lib/action_dispatch/middleware/callbacks.rb:31:in `block in call'
activesupport (8.0.2) lib/active_support/callbacks.rb:100:in `run_callbacks'
actionpack (8.0.2) lib/action_dispatch/middleware/callbacks.rb:30:in `call'
actionpack (8.0.2) lib/action_dispatch/middleware/executor.rb:16:in `call'
actionpack (8.0.2) lib/action_dispatch/middleware/actionable_exceptions.rb:18:in `call'
actionpack (8.0.2) lib/action_dispatch/middleware/debug_exceptions.rb:31:in `call'
web-console (4.2.1) lib/web_console/middleware.rb:132:in `call_app'
web-console (4.2.1) lib/web_console/middleware.rb:28:in `block in call'
web-console (4.2.1) lib/web_console/middleware.rb:17:in `catch'
web-console (4.2.1) lib/web_console/middleware.rb:17:in `call'
actionpack (8.0.2) lib/action_dispatch/middleware/show_exceptions.rb:32:in `call'
railties (8.0.2) lib/rails/rack/logger.rb:41:in `call_app'
railties (8.0.2) lib/rails/rack/logger.rb:29:in `call'
actionpack (8.0.2) lib/action_dispatch/middleware/remote_ip.rb:96:in `call'
actionpack (8.0.2) lib/action_dispatch/middleware/request_id.rb:34:in `call'
rack (3.1.14) lib/rack/method_override.rb:28:in `call'
rack (3.1.14) lib/rack/runtime.rb:24:in `call'
actionpack (8.0.2) lib/action_dispatch/middleware/server_timing.rb:61:in `block in call'
actionpack (8.0.2) lib/action_dispatch/middleware/server_timing.rb:26:in `collect_events'
actionpack (8.0.2) lib/action_dispatch/middleware/server_timing.rb:60:in `call'
actionpack (8.0.2) lib/action_dispatch/middleware/executor.rb:16:in `call'
actionpack (8.0.2) lib/action_dispatch/middleware/static.rb:27:in `call'
rack (3.1.14) lib/rack/sendfile.rb:114:in `call'
actionpack (8.0.2) lib/action_dispatch/middleware/host_authorization.rb:143:in `call'
railties (8.0.2) lib/rails/engine.rb:535:in `call'
puma (6.6.0) lib/puma/configuration.rb:279:in `call'
puma (6.6.0) lib/puma/request.rb:99:in `block in handle_request'
puma (6.6.0) lib/puma/thread_pool.rb:390:in `with_force_shutdown'
puma (6.6.0) lib/puma/request.rb:98:in `handle_request'
puma (6.6.0) lib/puma/server.rb:472:in `process_client'
puma (6.6.0) lib/puma/server.rb:254:in `block in run'
puma (6.6.0) lib/puma/thread_pool.rb:167:in `block in spawn_thread'
Started GET "/products/4" for 127.0.0.1 at 2025-05-18 23:43:22 -0700
Processing by ProductsController#show as HTML
  Parameters: {"id"=>"4"}
  [1m[36mProduct Load (0.0ms)[0m  [1m[34mSELECT "products".* FROM "products" WHERE "products"."id" = 4 LIMIT 1 /*action='show',application='Store',controller='products'*/[0m
  ↳ app/controllers/products_controller.rb:41:in `set_product'
  Rendering layout layouts/application.html.erb
  Rendering products/show.html.erb within layouts/application
  Rendered products/show.html.erb within layouts/application (Duration: 0.8ms | GC: 0.0ms)
  Rendered layout layouts/application.html.erb (Duration: 1.8ms | GC: 0.2ms)
Completed 200 OK in 27ms (Views: 2.6ms | ActiveRecord: 0.9ms (1 query, 0 cached) | GC: 0.4ms)


Started GET "/.well-known/appspecific/com.chrome.devtools.json" for 127.0.0.1 at 2025-05-18 23:43:22 -0700
  
ActionController::RoutingError (No route matches [GET] "/.well-known/appspecific/com.chrome.devtools.json"):
  
Started DELETE "/products/4" for 127.0.0.1 at 2025-05-18 23:43:26 -0700
Processing by ProductsController#destroy as TURBO_STREAM
  Parameters: {"authenticity_token"=>"[FILTERED]", "id"=>"4"}
  [1m[36mProduct Load (0.1ms)[0m  [1m[34mSELECT "products".* FROM "products" WHERE "products"."id" = 4 LIMIT 1 /*action='destroy',application='Store',controller='products'*/[0m
  ↳ app/controllers/products_controller.rb:41:in `set_product'
  [1m[36mTRANSACTION (0.0ms)[0m  [1m[35mBEGIN immediate TRANSACTION /*action='destroy',application='Store',controller='products'*/[0m
  ↳ app/controllers/products_controller.rb:34:in `destroy'
  [1m[36mProduct Destroy (0.5ms)[0m  [1m[31mDELETE FROM "products" WHERE "products"."id" = 4 /*action='destroy',application='Store',controller='products'*/[0m
  ↳ app/controllers/products_controller.rb:34:in `destroy'
  [1m[36mTRANSACTION (0.2ms)[0m  [1m[35mCOMMIT TRANSACTION /*action='destroy',application='Store',controller='products'*/[0m
  ↳ app/controllers/products_controller.rb:34:in `destroy'
Redirected to http://127.0.0.1:3000/products
Completed 302 Found in 33ms (ActiveRecord: 0.8ms (2 queries, 0 cached) | GC: 0.0ms)


Started GET "/products" for 127.0.0.1 at 2025-05-18 23:43:26 -0700
Processing by ProductsController#index as TURBO_STREAM
  Rendering layout layouts/application.html.erb
  Rendering products/index.html.erb within layouts/application
  [1m[36mProduct Load (0.1ms)[0m  [1m[34mSELECT "products".* FROM "products" /*action='index',application='Store',controller='products'*/[0m
  ↳ app/views/products/index.html.erb:6
  Rendered products/index.html.erb within layouts/application (Duration: 0.9ms | GC: 0.0ms)
  Rendered layout layouts/application.html.erb (Duration: 1.4ms | GC: 0.0ms)
Completed 200 OK in 24ms (Views: 1.5ms | ActiveRecord: 0.1ms (1 query, 0 cached) | GC: 0.0ms)


Started GET "/products/3" for 127.0.0.1 at 2025-05-18 23:43:27 -0700
Processing by ProductsController#show as HTML
  Parameters: {"id"=>"3"}
  [1m[36mProduct Load (0.1ms)[0m  [1m[34mSELECT "products".* FROM "products" WHERE "products"."id" = 3 LIMIT 1 /*action='show',application='Store',controller='products'*/[0m
  ↳ app/controllers/products_controller.rb:41:in `set_product'
  Rendering layout layouts/application.html.erb
  Rendering products/show.html.erb within layouts/application
  Rendered products/show.html.erb within layouts/application (Duration: 0.6ms | GC: 0.0ms)
  Rendered layout layouts/application.html.erb (Duration: 0.9ms | GC: 0.0ms)
Completed 200 OK in 36ms (Views: 1.1ms | ActiveRecord: 0.1ms (1 query, 0 cached) | GC: 0.0ms)


Started GET "/products/5" for 127.0.0.1 at 2025-05-18 23:43:27 -0700
Processing by ProductsController#show as HTML
  Parameters: {"id"=>"5"}
  [1m[36mProduct Load (0.1ms)[0m  [1m[34mSELECT "products".* FROM "products" WHERE "products"."id" = 5 LIMIT 1 /*action='show',application='Store',controller='products'*/[0m
  ↳ app/controllers/products_controller.rb:41:in `set_product'
  Rendering layout layouts/application.html.erb
  Rendering products/show.html.erb within layouts/application
  Rendered products/show.html.erb within layouts/application (Duration: 0.5ms | GC: 0.0ms)
  Rendered layout layouts/application.html.erb (Duration: 0.8ms | GC: 0.0ms)
Completed 200 OK in 37ms (Views: 0.9ms | ActiveRecord: 0.1ms (1 query, 0 cached) | GC: 0.0ms)


Started DELETE "/products/5" for 127.0.0.1 at 2025-05-18 23:43:29 -0700
Processing by ProductsController#destroy as TURBO_STREAM
  Parameters: {"authenticity_token"=>"[FILTERED]", "id"=>"5"}
  [1m[36mProduct Load (0.1ms)[0m  [1m[34mSELECT "products".* FROM "products" WHERE "products"."id" = 5 LIMIT 1 /*action='destroy',application='Store',controller='products'*/[0m
  ↳ app/controllers/products_controller.rb:41:in `set_product'
  [1m[36mTRANSACTION (0.0ms)[0m  [1m[35mBEGIN immediate TRANSACTION /*action='destroy',application='Store',controller='products'*/[0m
  ↳ app/controllers/products_controller.rb:34:in `destroy'
  [1m[36mProduct Destroy (0.4ms)[0m  [1m[31mDELETE FROM "products" WHERE "products"."id" = 5 /*action='destroy',application='Store',controller='products'*/[0m
  ↳ app/controllers/products_controller.rb:34:in `destroy'
  [1m[36mTRANSACTION (0.1ms)[0m  [1m[35mCOMMIT TRANSACTION /*action='destroy',application='Store',controller='products'*/[0m
  ↳ app/controllers/products_controller.rb:34:in `destroy'
Redirected to http://127.0.0.1:3000/products
Completed 302 Found in 35ms (ActiveRecord: 0.6ms (2 queries, 0 cached) | GC: 0.0ms)


Started GET "/products" for 127.0.0.1 at 2025-05-18 23:43:29 -0700
Processing by ProductsController#index as TURBO_STREAM
  Rendering layout layouts/application.html.erb
  Rendering products/index.html.erb within layouts/application
  [1m[36mProduct Load (0.1ms)[0m  [1m[34mSELECT "products".* FROM "products" /*action='index',application='Store',controller='products'*/[0m
  ↳ app/views/products/index.html.erb:6
  Rendered products/index.html.erb within layouts/application (Duration: 0.8ms | GC: 0.0ms)
  Rendered layout layouts/application.html.erb (Duration: 1.3ms | GC: 0.0ms)
Completed 200 OK in 22ms (Views: 1.4ms | ActiveRecord: 0.1ms (1 query, 0 cached) | GC: 0.0ms)


Started GET "/products/6" for 127.0.0.1 at 2025-05-18 23:43:31 -0700
Processing by ProductsController#show as HTML
  Parameters: {"id"=>"6"}
  [1m[36mProduct Load (0.1ms)[0m  [1m[34mSELECT "products".* FROM "products" WHERE "products"."id" = 6 LIMIT 1 /*action='show',application='Store',controller='products'*/[0m
  ↳ app/controllers/products_controller.rb:41:in `set_product'
  Rendering layout layouts/application.html.erb
  Rendering products/show.html.erb within layouts/application
  Rendered products/show.html.erb within layouts/application (Duration: 0.6ms | GC: 0.0ms)
  Rendered layout layouts/application.html.erb (Duration: 1.0ms | GC: 0.0ms)
Completed 200 OK in 34ms (Views: 1.2ms | ActiveRecord: 0.1ms (1 query, 0 cached) | GC: 0.0ms)


Started GET "/products/6/edit" for 127.0.0.1 at 2025-05-18 23:43:32 -0700
Processing by ProductsController#edit as HTML
  Parameters: {"id"=>"6"}
  [1m[36mProduct Load (0.1ms)[0m  [1m[34mSELECT "products".* FROM "products" WHERE "products"."id" = 6 LIMIT 1 /*action='edit',application='Store',controller='products'*/[0m
  ↳ app/controllers/products_controller.rb:41:in `set_product'
  Rendering layout layouts/application.html.erb
  Rendering products/edit.html.erb within layouts/application
  Rendered products/_form.html.erb (Duration: 1.1ms | GC: 0.0ms)
  Rendered products/edit.html.erb within layouts/application (Duration: 1.7ms | GC: 0.0ms)
  Rendered layout layouts/application.html.erb (Duration: 2.0ms | GC: 0.0ms)
Completed 200 OK in 40ms (Views: 2.2ms | ActiveRecord: 0.1ms (1 query, 0 cached) | GC: 0.0ms)


Started DELETE "/products/6" for 127.0.0.1 at 2025-05-18 23:43:33 -0700
Processing by ProductsController#destroy as TURBO_STREAM
  Parameters: {"authenticity_token"=>"[FILTERED]", "id"=>"6"}
  [1m[36mProduct Load (0.1ms)[0m  [1m[34mSELECT "products".* FROM "products" WHERE "products"."id" = 6 LIMIT 1 /*action='destroy',application='Store',controller='products'*/[0m
  ↳ app/controllers/products_controller.rb:41:in `set_product'
  [1m[36mTRANSACTION (0.0ms)[0m  [1m[35mBEGIN immediate TRANSACTION /*action='destroy',application='Store',controller='products'*/[0m
  ↳ app/controllers/products_controller.rb:34:in `destroy'
  [1m[36mProduct Destroy (0.5ms)[0m  [1m[31mDELETE FROM "products" WHERE "products"."id" = 6 /*action='destroy',application='Store',controller='products'*/[0m
  ↳ app/controllers/products_controller.rb:34:in `destroy'
  [1m[36mTRANSACTION (0.1ms)[0m  [1m[35mCOMMIT TRANSACTION /*action='destroy',application='Store',controller='products'*/[0m
  ↳ app/controllers/products_controller.rb:34:in `destroy'
Redirected to http://127.0.0.1:3000/products
Completed 302 Found in 35ms (ActiveRecord: 0.7ms (2 queries, 0 cached) | GC: 0.0ms)


Started GET "/products" for 127.0.0.1 at 2025-05-18 23:43:33 -0700
Processing by ProductsController#index as TURBO_STREAM
  Rendering layout layouts/application.html.erb
  Rendering products/index.html.erb within layouts/application
  [1m[36mProduct Load (0.1ms)[0m  [1m[34mSELECT "products".* FROM "products" /*action='index',application='Store',controller='products'*/[0m
  ↳ app/views/products/index.html.erb:6
  Rendered products/index.html.erb within layouts/application (Duration: 0.8ms | GC: 0.0ms)
  Rendered layout layouts/application.html.erb (Duration: 1.2ms | GC: 0.0ms)
Completed 200 OK in 23ms (Views: 1.3ms | ActiveRecord: 0.1ms (1 query, 0 cached) | GC: 0.0ms)


Started GET "/products/7" for 127.0.0.1 at 2025-05-18 23:43:34 -0700
Processing by ProductsController#show as HTML
  Parameters: {"id"=>"7"}
  [1m[36mProduct Load (0.1ms)[0m  [1m[34mSELECT "products".* FROM "products" WHERE "products"."id" = 7 LIMIT 1 /*action='show',application='Store',controller='products'*/[0m
  ↳ app/controllers/products_controller.rb:41:in `set_product'
  Rendering layout layouts/application.html.erb
  Rendering products/show.html.erb within layouts/application
  Rendered products/show.html.erb within layouts/application (Duration: 0.5ms | GC: 0.0ms)
  Rendered layout layouts/application.html.erb (Duration: 0.8ms | GC: 0.0ms)
Completed 200 OK in 35ms (Views: 1.0ms | ActiveRecord: 0.1ms (1 query, 0 cached) | GC: 1.5ms)


Started DELETE "/products/7" for 127.0.0.1 at 2025-05-18 23:43:35 -0700
Processing by ProductsController#destroy as TURBO_STREAM
  Parameters: {"authenticity_token"=>"[FILTERED]", "id"=>"7"}
  [1m[36mProduct Load (0.1ms)[0m  [1m[34mSELECT "products".* FROM "products" WHERE "products"."id" = 7 LIMIT 1 /*action='destroy',application='Store',controller='products'*/[0m
  ↳ app/controllers/products_controller.rb:41:in `set_product'
  [1m[36mTRANSACTION (0.0ms)[0m  [1m[35mBEGIN immediate TRANSACTION /*action='destroy',application='Store',controller='products'*/[0m
  ↳ app/controllers/products_controller.rb:34:in `destroy'
  [1m[36mProduct Destroy (0.4ms)[0m  [1m[31mDELETE FROM "products" WHERE "products"."id" = 7 /*action='destroy',application='Store',controller='products'*/[0m
  ↳ app/controllers/products_controller.rb:34:in `destroy'
  [1m[36mTRANSACTION (0.1ms)[0m  [1m[35mCOMMIT TRANSACTION /*action='destroy',application='Store',controller='products'*/[0m
  ↳ app/controllers/products_controller.rb:34:in `destroy'
Redirected to http://127.0.0.1:3000/products
Completed 302 Found in 38ms (ActiveRecord: 0.6ms (2 queries, 0 cached) | GC: 1.1ms)


Started GET "/products" for 127.0.0.1 at 2025-05-18 23:43:35 -0700
Processing by ProductsController#index as TURBO_STREAM
  Rendering layout layouts/application.html.erb
  Rendering products/index.html.erb within layouts/application
  [1m[36mProduct Load (0.1ms)[0m  [1m[34mSELECT "products".* FROM "products" /*action='index',application='Store',controller='products'*/[0m
  ↳ app/views/products/index.html.erb:6
  Rendered products/index.html.erb within layouts/application (Duration: 0.7ms | GC: 0.0ms)
  Rendered layout layouts/application.html.erb (Duration: 1.1ms | GC: 0.0ms)
Completed 200 OK in 21ms (Views: 1.2ms | ActiveRecord: 0.1ms (1 query, 0 cached) | GC: 0.0ms)


Started GET "/products/new" for 127.0.0.1 at 2025-05-18 23:43:36 -0700
Processing by ProductsController#new as HTML
  Rendering layout layouts/application.html.erb
  Rendering products/new.html.erb within layouts/application
  Rendered products/_form.html.erb (Duration: 0.7ms | GC: 0.0ms)
  Rendered products/new.html.erb within layouts/application (Duration: 1.3ms | GC: 0.0ms)
  Rendered layout layouts/application.html.erb (Duration: 1.7ms | GC: 0.0ms)
Completed 200 OK in 34ms (Views: 1.9ms | ActiveRecord: 0.0ms (0 queries, 0 cached) | GC: 0.0ms)


